<?xml version="1.0" encoding="UTF-8"?>
<testsuite name="com.yehorpolishchuk.cryptology.elgamal.KeyTest" tests="2" skipped="0" failures="0" errors="0" timestamp="2020-04-17T10:31:25" hostname="dellE4300" time="0.244">
  <properties/>
  <testcase name="gPrimitiveRootModuloP" classname="com.yehorpolishchuk.cryptology.elgamal.KeyTest" time="0.233"/>
  <testcase name="pKeyBitLength" classname="com.yehorpolishchuk.cryptology.elgamal.KeyTest" time="0.01"/>
  <system-out><![CDATA[]]></system-out>
  <system-err><![CDATA[]]></system-err>
</testsuite>
