<?xml version="1.0" encoding="UTF-8"?>
<testsuite name="com.knu.lab3.EncryptorTest" tests="1" skipped="0" failures="0" errors="0" timestamp="2020-05-25T18:58:43" hostname="DESKTOP-NM17FHJ" time="0.028">
  <properties/>
  <testcase name="encryptDecryptString" classname="com.knu.lab3.EncryptorTest" time="0.028"/>
  <system-out><![CDATA[]]></system-out>
  <system-err><![CDATA[]]></system-err>
</testsuite>
