<?xml version="1.0" encoding="UTF-8"?>
<testsuite name="com.yehorpolishchuk.cryptology.elgamal.MessageTest" tests="2" skipped="0" failures="0" errors="0" timestamp="2020-04-17T10:31:25" hostname="dellE4300" time="0.01">
  <properties/>
  <testcase name="getA" classname="com.yehorpolishchuk.cryptology.elgamal.MessageTest" time="0.01"/>
  <testcase name="getB" classname="com.yehorpolishchuk.cryptology.elgamal.MessageTest" time="0.0"/>
  <system-out><![CDATA[]]></system-out>
  <system-err><![CDATA[]]></system-err>
</testsuite>
