<?xml version="1.0" encoding="UTF-8"?>
<testsuite name="com.yehorpolishchuk.cryptology.elgamal.EncryptorTest" tests="4" skipped="0" failures="0" errors="0" timestamp="2020-04-17T10:31:25" hostname="dellE4300" time="0.004">
  <properties/>
  <testcase name="encrypt" classname="com.yehorpolishchuk.cryptology.elgamal.EncryptorTest" time="0.002"/>
  <testcase name="decryptString" classname="com.yehorpolishchuk.cryptology.elgamal.EncryptorTest" time="0.0"/>
  <testcase name="encryptString" classname="com.yehorpolishchuk.cryptology.elgamal.EncryptorTest" time="0.0"/>
  <testcase name="decrypt" classname="com.yehorpolishchuk.cryptology.elgamal.EncryptorTest" time="0.0"/>
  <system-out><![CDATA[]]></system-out>
  <system-err><![CDATA[]]></system-err>
</testsuite>
