<?xml version="1.0" encoding="UTF-8"?>
<testsuite name="com.knu.lab3.ElGamalAlgorithmTest" tests="2" skipped="0" failures="0" errors="0" timestamp="2020-05-24T17:26:49" hostname="DESKTOP-NM17FHJ" time="0.031">
  <properties/>
  <testcase name="encodeString" classname="com.knu.lab3.ElGamalAlgorithmTest" time="0.007"/>
  <testcase name="encodeFile" classname="com.knu.lab3.ElGamalAlgorithmTest" time="0.022"/>
  <system-out><![CDATA[]]></system-out>
  <system-err><![CDATA[]]></system-err>
</testsuite>
