<?xml version="1.0" encoding="UTF-8"?>
<testsuite name="com.yehorpolishchuk.cryptology.elgamal.PrivateKeyTest" tests="1" skipped="0" failures="0" errors="0" timestamp="2020-04-17T10:31:25" hostname="dellE4300" time="0.001">
  <properties/>
  <testcase name="getKey" classname="com.yehorpolishchuk.cryptology.elgamal.PrivateKeyTest" time="0.001"/>
  <system-out><![CDATA[]]></system-out>
  <system-err><![CDATA[]]></system-err>
</testsuite>
